Turbo Assembler	 Version 4.1	    02/11/26 19:28:21	    Page 1
a.asm



      1	0000			     .model tiny
      2	0000			     .code
      3				     org 100h
      4
      5	0100			     hui:
      6	0100  B8 B800			 mov  ax, 0b800h			  ;video segment
      7	0103  8E C0			 mov  es, ax
      8
      9	0105  E8 0019			 call half_column
     10
     11	0108  E8 0025			 call half_string
     12
     13	010B  E8 0031			 call half_cmd_string
     14
     15	010E  2B C8			 sub  cx, ax
     16
     17	0110  E8 003A			 call calc_adress
     18
     19	0113  26: C6 07	50		 mov  byte ptr es:[bx],	50h
     20	0117  26: C6 47	01 CC		 mov  byte ptr es:[bx +	1], (4ch or 80h)
     21
     22	011C  B8 4C00			 mov  ax, 4c00h
     23	011F  CD 21			 int  21h
     24
     25	0121			     half_column:
     26	0121  B8 0019			 mov ax, 19h				 ;half column -> bx
     27	0124  B1 02			 mov cl, 02h
     28	0126  F6 F1			 div cl
     29	0128  32 E4			 xor ah, ah
     30
     31	012A  8A D8			 mov bl, al
     32	012C  32 FF			 xor bh, bh
     33	012E  43			 inc bx
     34	012F  C3			 ret
     35
     36	0130			     half_string:
     37	0130  B8 0050			 mov ax, 50h				 ;half string -> cx
     38	0133  B1 02			 mov cl, 02h
     39	0135  F6 F1			 div cl
     40	0137  32 E4			 xor ah, ah
     41
     42	0139  8A C8			 mov cl, al
     43	013B  32 ED			 xor ch, ch
     44	013D  41			 inc cx
     45	013E  C3			 ret
     46
     47	013F			     half_cmd_string:
     48	013F  53			 push bx
     49
     50	0140  BE 0080			 mov  si, 80h				 ;half cmd str -> ax
     51	0143  8A 04			 mov  al, byte ptr ds:[si]
     52	0145  B3 02			 mov  bl, 02h
     53	0147  F6 F3			 div  bl
     54	0149  32 E4			 xor  ah, ah
     55
     56	014B  5B			 pop  bx
     57	014C  C3			 ret
Turbo Assembler	 Version 4.1	    02/11/26 19:28:21	    Page 2
a.asm



     58
     59	014D			     calc_adress:
     60	014D  B8 0050			 mov ax, 50h				 ;adress arithmetics ->	bx
     61	0150  F7 E3			 mul bx
     62	0152  03 C1			 add ax, cx
     63	0154  B9 0002			 mov cx, 02h
     64	0157  F7 E1			 mul cx
     65	0159  8B D8			 mov bx, ax
     66	015B  C3			 ret
     67
     68				     end hui
Turbo Assembler	 Version 4.1	    02/11/26 19:28:21	    Page 3
Symbol Table




Symbol Name			  Type	 Value

??DATE				  Text	 "02/11/26"
??FILENAME			  Text	 "a	  "
??TIME				  Text	 "19:28:21"
??VERSION			  Number 040A
@32BIT				  Text	 0
@CODE				  Text	 DGROUP
@CODESIZE			  Text	 0
@CPU				  Text	 0101H
@CURSEG				  Text	 _TEXT
@DATA				  Text	 DGROUP
@DATASIZE			  Text	 0
@FILENAME			  Text	 A
@INTERFACE			  Text	 000H
@MODEL				  Text	 1
@STACK				  Text	 DGROUP
@WORDSIZE			  Text	 2
CALC_ADRESS			  Near	 DGROUP:014D
HALF_CMD_STRING			  Near	 DGROUP:013F
HALF_COLUMN			  Near	 DGROUP:0121
HALF_STRING			  Near	 DGROUP:0130
HUI				  Near	 DGROUP:0100

Groups & Segments		  Bit Size Align  Combine Class

DGROUP				  Group
  _DATA				  16  0000 Word	  Public  DATA
  _TEXT				  16  015C Word	  Public  CODE
